<?xml version="1.0" encoding="UTF-8"?>
<testsuite name="org.ababup1192.EquipmentRoomMigrationTest" tests="2" skipped="0" failures="0" errors="0" timestamp="2017-02-24T07:29:02" hostname="6b4dce0b6241" time="0.408">
  <properties/>
  <testcase name="joinQueryTest" classname="org.ababup1192.EquipmentRoomMigrationTest" time="0.278"/>
  <testcase name="migrateTest" classname="org.ababup1192.EquipmentRoomMigrationTest" time="0.129"/>
  <system-out><![CDATA[2017-02-24 07:29:02.530  INFO 247 --- [    Test worker] .b.t.c.SpringBootTestContextBootstrapper : Neither @ContextConfiguration nor @ContextHierarchy found for test class [org.ababup1192.EquipmentRoomMigrationTest], using SpringBootContextLoader
2017-02-24 07:29:02.531  INFO 247 --- [    Test worker] o.s.t.c.support.AbstractContextLoader    : Could not detect default resource locations for test class [org.ababup1192.EquipmentRoomMigrationTest]: no resource found for suffixes {-context.xml, Context.groovy}.
2017-02-24 07:29:02.531  INFO 247 --- [    Test worker] t.c.s.AnnotationConfigContextLoaderUtils : Could not detect default configuration classes for test class [org.ababup1192.EquipmentRoomMigrationTest]: EquipmentRoomMigrationTest does not declare any static, non-private, non-final, nested classes annotated with @Configuration.
2017-02-24 07:29:02.535  INFO 247 --- [    Test worker] .b.t.c.SpringBootTestContextBootstrapper : Found @SpringBootConfiguration org.ababup1192.Application for test class org.ababup1192.EquipmentRoomMigrationTest
2017-02-24 07:29:02.537  INFO 247 --- [    Test worker] .b.t.c.SpringBootTestContextBootstrapper : Loaded default TestExecutionListener class names from location [META-INF/spring.factories]: [org.springframework.boot.test.mock.mockito.MockitoTestExecutionListener, org.springframework.boot.test.mock.mockito.ResetMocksTestExecutionListener, org.springframework.boot.test.autoconfigure.restdocs.RestDocsTestExecutionListener, org.springframework.boot.test.autoconfigure.web.client.MockRestServiceServerResetTestExecutionListener, org.springframework.boot.test.autoconfigure.web.servlet.MockMvcPrintOnlyOnFailureTestExecutionListener, org.springframework.boot.test.autoconfigure.web.servlet.WebDriverTestExecutionListener, org.springframework.test.context.web.ServletTestExecutionListener, org.springframework.test.context.support.DirtiesContextBeforeModesTestExecutionListener, org.springframework.test.context.support.DependencyInjectionTestExecutionListener, org.springframework.test.context.support.DirtiesContextTestExecutionListener, org.springframework.test.context.transaction.TransactionalTestExecutionListener, org.springframework.test.context.jdbc.SqlScriptsTestExecutionListener]
2017-02-24 07:29:02.538  INFO 247 --- [    Test worker] .b.t.c.SpringBootTestContextBootstrapper : Using TestExecutionListeners: [org.springframework.test.context.web.ServletTestExecutionListener@57876dd3, org.springframework.test.context.support.DirtiesContextBeforeModesTestExecutionListener@1608561e, org.springframework.boot.test.autoconfigure.SpringBootDependencyInjectionTestExecutionListener@f55fdf7, org.springframework.test.context.support.DirtiesContextTestExecutionListener@7508a43c, org.springframework.test.context.transaction.TransactionalTestExecutionListener@190da6bb, org.springframework.test.context.jdbc.SqlScriptsTestExecutionListener@4de1bb22, org.springframework.boot.test.mock.mockito.MockitoTestExecutionListener@6d7b4d2c, org.springframework.boot.test.autoconfigure.web.servlet.WebDriverTestExecutionListener@5de22dfb, org.springframework.boot.test.autoconfigure.restdocs.RestDocsTestExecutionListener@29ae7082, org.springframework.boot.test.autoconfigure.web.client.MockRestServiceServerResetTestExecutionListener@69d6f63e, org.springframework.boot.test.autoconfigure.web.servlet.MockMvcPrintOnlyOnFailureTestExecutionListener@5e73d405, org.springframework.boot.test.mock.mockito.ResetMocksTestExecutionListener@1232a7c5]
]]></system-out>
  <system-err><![CDATA[]]></system-err>
</testsuite>
