<?xml version="1.0" encoding="UTF-8"?>
<testsuite name="org.ababup1192.EquipmentRoomMigrationTest" tests="2" skipped="0" failures="0" errors="0" timestamp="2017-02-21T01:56:46" hostname="e58b69973550" time="0.518">
  <properties/>
  <testcase name="joinQueryTest" classname="org.ababup1192.EquipmentRoomMigrationTest" time="0.307"/>
  <testcase name="migrateTest" classname="org.ababup1192.EquipmentRoomMigrationTest" time="0.199"/>
  <system-out><![CDATA[2017-02-21 01:56:46.618  INFO 242 --- [    Test worker] .b.t.c.SpringBootTestContextBootstrapper : Neither @ContextConfiguration nor @ContextHierarchy found for test class [org.ababup1192.EquipmentRoomMigrationTest], using SpringBootContextLoader
2017-02-21 01:56:46.654  INFO 242 --- [    Test worker] o.s.t.c.support.AbstractContextLoader    : Could not detect default resource locations for test class [org.ababup1192.EquipmentRoomMigrationTest]: no resource found for suffixes {-context.xml, Context.groovy}.
2017-02-21 01:56:46.667  INFO 242 --- [    Test worker] t.c.s.AnnotationConfigContextLoaderUtils : Could not detect default configuration classes for test class [org.ababup1192.EquipmentRoomMigrationTest]: EquipmentRoomMigrationTest does not declare any static, non-private, non-final, nested classes annotated with @Configuration.
2017-02-21 01:56:46.673  INFO 242 --- [    Test worker] .b.t.c.SpringBootTestContextBootstrapper : Found @SpringBootConfiguration org.ababup1192.Application for test class org.ababup1192.EquipmentRoomMigrationTest
2017-02-21 01:56:46.684  INFO 242 --- [    Test worker] .b.t.c.SpringBootTestContextBootstrapper : Loaded default TestExecutionListener class names from location [META-INF/spring.factories]: [org.springframework.boot.test.mock.mockito.MockitoTestExecutionListener, org.springframework.boot.test.mock.mockito.ResetMocksTestExecutionListener, org.springframework.boot.test.autoconfigure.restdocs.RestDocsTestExecutionListener, org.springframework.boot.test.autoconfigure.web.client.MockRestServiceServerResetTestExecutionListener, org.springframework.boot.test.autoconfigure.web.servlet.MockMvcPrintOnlyOnFailureTestExecutionListener, org.springframework.boot.test.autoconfigure.web.servlet.WebDriverTestExecutionListener, org.springframework.test.context.web.ServletTestExecutionListener, org.springframework.test.context.support.DirtiesContextBeforeModesTestExecutionListener, org.springframework.test.context.support.DependencyInjectionTestExecutionListener, org.springframework.test.context.support.DirtiesContextTestExecutionListener, org.springframework.test.context.transaction.TransactionalTestExecutionListener, org.springframework.test.context.jdbc.SqlScriptsTestExecutionListener]
2017-02-21 01:56:46.687  INFO 242 --- [    Test worker] .b.t.c.SpringBootTestContextBootstrapper : Using TestExecutionListeners: [org.springframework.test.context.web.ServletTestExecutionListener@4a6c2311, org.springframework.test.context.support.DirtiesContextBeforeModesTestExecutionListener@228eda43, org.springframework.boot.test.autoconfigure.SpringBootDependencyInjectionTestExecutionListener@45ac5afd, org.springframework.test.context.support.DirtiesContextTestExecutionListener@1e7115f2, org.springframework.test.context.transaction.TransactionalTestExecutionListener@352ed986, org.springframework.test.context.jdbc.SqlScriptsTestExecutionListener@612651a2, org.springframework.boot.test.mock.mockito.MockitoTestExecutionListener@46fa84c9, org.springframework.boot.test.autoconfigure.web.servlet.MockMvcPrintOnlyOnFailureTestExecutionListener@5032d761, org.springframework.boot.test.autoconfigure.restdocs.RestDocsTestExecutionListener@1313d608, org.springframework.boot.test.autoconfigure.web.client.MockRestServiceServerResetTestExecutionListener@406b2e89, org.springframework.boot.test.mock.mockito.ResetMocksTestExecutionListener@52253681, org.springframework.boot.test.autoconfigure.web.servlet.WebDriverTestExecutionListener@146a7a7b]
]]></system-out>
  <system-err><![CDATA[]]></system-err>
</testsuite>
