<?xml version="1.0" encoding="UTF-8"?>
<testsuite name="org.ababup1192.SalesSlipMigrationTest" tests="1" skipped="0" failures="0" errors="0" timestamp="2017-02-21T04:31:41" hostname="43860a869ea9" time="0.32">
  <properties/>
  <testcase name="migrateTest" classname="org.ababup1192.SalesSlipMigrationTest" time="0.32"/>
  <system-out><![CDATA[2017-02-21 04:31:41.302  INFO 243 --- [    Test worker] .b.t.c.SpringBootTestContextBootstrapper : Neither @ContextConfiguration nor @ContextHierarchy found for test class [org.ababup1192.SalesSlipMigrationTest], using SpringBootContextLoader
2017-02-21 04:31:41.303  INFO 243 --- [    Test worker] o.s.t.c.support.AbstractContextLoader    : Could not detect default resource locations for test class [org.ababup1192.SalesSlipMigrationTest]: no resource found for suffixes {-context.xml, Context.groovy}.
2017-02-21 04:31:41.304  INFO 243 --- [    Test worker] t.c.s.AnnotationConfigContextLoaderUtils : Could not detect default configuration classes for test class [org.ababup1192.SalesSlipMigrationTest]: SalesSlipMigrationTest does not declare any static, non-private, non-final, nested classes annotated with @Configuration.
2017-02-21 04:31:41.317  INFO 243 --- [    Test worker] .b.t.c.SpringBootTestContextBootstrapper : Found @SpringBootConfiguration org.ababup1192.Application for test class org.ababup1192.SalesSlipMigrationTest
2017-02-21 04:31:41.323  INFO 243 --- [    Test worker] .b.t.c.SpringBootTestContextBootstrapper : Loaded default TestExecutionListener class names from location [META-INF/spring.factories]: [org.springframework.boot.test.mock.mockito.MockitoTestExecutionListener, org.springframework.boot.test.mock.mockito.ResetMocksTestExecutionListener, org.springframework.boot.test.autoconfigure.restdocs.RestDocsTestExecutionListener, org.springframework.boot.test.autoconfigure.web.client.MockRestServiceServerResetTestExecutionListener, org.springframework.boot.test.autoconfigure.web.servlet.MockMvcPrintOnlyOnFailureTestExecutionListener, org.springframework.boot.test.autoconfigure.web.servlet.WebDriverTestExecutionListener, org.springframework.test.context.web.ServletTestExecutionListener, org.springframework.test.context.support.DirtiesContextBeforeModesTestExecutionListener, org.springframework.test.context.support.DependencyInjectionTestExecutionListener, org.springframework.test.context.support.DirtiesContextTestExecutionListener, org.springframework.test.context.transaction.TransactionalTestExecutionListener, org.springframework.test.context.jdbc.SqlScriptsTestExecutionListener]
2017-02-21 04:31:41.324  INFO 243 --- [    Test worker] .b.t.c.SpringBootTestContextBootstrapper : Using TestExecutionListeners: [org.springframework.test.context.web.ServletTestExecutionListener@1f275ee9, org.springframework.test.context.support.DirtiesContextBeforeModesTestExecutionListener@61e0b4bb, org.springframework.boot.test.autoconfigure.SpringBootDependencyInjectionTestExecutionListener@48d66e14, org.springframework.test.context.support.DirtiesContextTestExecutionListener@37d2e7f9, org.springframework.test.context.transaction.TransactionalTestExecutionListener@12a737fc, org.springframework.test.context.jdbc.SqlScriptsTestExecutionListener@76061c7f, org.springframework.boot.test.autoconfigure.web.servlet.WebDriverTestExecutionListener@ddb6a65, org.springframework.boot.test.mock.mockito.MockitoTestExecutionListener@2d16b908, org.springframework.boot.test.autoconfigure.web.client.MockRestServiceServerResetTestExecutionListener@6256381, org.springframework.boot.test.mock.mockito.ResetMocksTestExecutionListener@400672de, org.springframework.boot.test.autoconfigure.web.servlet.MockMvcPrintOnlyOnFailureTestExecutionListener@16d8b0f9, org.springframework.boot.test.autoconfigure.restdocs.RestDocsTestExecutionListener@e1e95d3]
]]></system-out>
  <system-err><![CDATA[]]></system-err>
</testsuite>
