<?xml version="1.0" encoding="UTF-8"?>
<testsuite name="org.ababup1192.SalesSlipMigrationTest" tests="1" skipped="0" failures="0" errors="0" timestamp="2017-02-21T02:07:56" hostname="28f0dbddbe63" time="0.362">
  <properties/>
  <testcase name="migrateTest" classname="org.ababup1192.SalesSlipMigrationTest" time="0.362"/>
  <system-out><![CDATA[2017-02-21 02:07:56.534  INFO 243 --- [    Test worker] .b.t.c.SpringBootTestContextBootstrapper : Neither @ContextConfiguration nor @ContextHierarchy found for test class [org.ababup1192.SalesSlipMigrationTest], using SpringBootContextLoader
2017-02-21 02:07:56.538  INFO 243 --- [    Test worker] o.s.t.c.support.AbstractContextLoader    : Could not detect default resource locations for test class [org.ababup1192.SalesSlipMigrationTest]: no resource found for suffixes {-context.xml, Context.groovy}.
2017-02-21 02:07:56.541  INFO 243 --- [    Test worker] t.c.s.AnnotationConfigContextLoaderUtils : Could not detect default configuration classes for test class [org.ababup1192.SalesSlipMigrationTest]: SalesSlipMigrationTest does not declare any static, non-private, non-final, nested classes annotated with @Configuration.
2017-02-21 02:07:56.547  INFO 243 --- [    Test worker] .b.t.c.SpringBootTestContextBootstrapper : Found @SpringBootConfiguration org.ababup1192.Application for test class org.ababup1192.SalesSlipMigrationTest
2017-02-21 02:07:56.552  INFO 243 --- [    Test worker] .b.t.c.SpringBootTestContextBootstrapper : Loaded default TestExecutionListener class names from location [META-INF/spring.factories]: [org.springframework.boot.test.mock.mockito.MockitoTestExecutionListener, org.springframework.boot.test.mock.mockito.ResetMocksTestExecutionListener, org.springframework.boot.test.autoconfigure.restdocs.RestDocsTestExecutionListener, org.springframework.boot.test.autoconfigure.web.client.MockRestServiceServerResetTestExecutionListener, org.springframework.boot.test.autoconfigure.web.servlet.MockMvcPrintOnlyOnFailureTestExecutionListener, org.springframework.boot.test.autoconfigure.web.servlet.WebDriverTestExecutionListener, org.springframework.test.context.web.ServletTestExecutionListener, org.springframework.test.context.support.DirtiesContextBeforeModesTestExecutionListener, org.springframework.test.context.support.DependencyInjectionTestExecutionListener, org.springframework.test.context.support.DirtiesContextTestExecutionListener, org.springframework.test.context.transaction.TransactionalTestExecutionListener, org.springframework.test.context.jdbc.SqlScriptsTestExecutionListener]
2017-02-21 02:07:56.556  INFO 243 --- [    Test worker] .b.t.c.SpringBootTestContextBootstrapper : Using TestExecutionListeners: [org.springframework.test.context.web.ServletTestExecutionListener@73332e5e, org.springframework.test.context.support.DirtiesContextBeforeModesTestExecutionListener@34483d1a, org.springframework.boot.test.autoconfigure.SpringBootDependencyInjectionTestExecutionListener@27b91bf4, org.springframework.test.context.support.DirtiesContextTestExecutionListener@179a7109, org.springframework.test.context.transaction.TransactionalTestExecutionListener@7db1ec7a, org.springframework.test.context.jdbc.SqlScriptsTestExecutionListener@864ae3b, org.springframework.boot.test.autoconfigure.web.servlet.WebDriverTestExecutionListener@67ed7278, org.springframework.boot.test.mock.mockito.MockitoTestExecutionListener@233b45b5, org.springframework.boot.test.autoconfigure.web.client.MockRestServiceServerResetTestExecutionListener@511baf94, org.springframework.boot.test.mock.mockito.ResetMocksTestExecutionListener@7c23d6fa, org.springframework.boot.test.autoconfigure.web.servlet.MockMvcPrintOnlyOnFailureTestExecutionListener@70d105b4, org.springframework.boot.test.autoconfigure.restdocs.RestDocsTestExecutionListener@93ef0f6]
]]></system-out>
  <system-err><![CDATA[]]></system-err>
</testsuite>
