<?xml version="1.0" encoding="UTF-8"?>
<testsuite name="org.ababup1192.EquipmentRoomMigrationTest" tests="2" skipped="0" failures="0" errors="0" timestamp="2017-02-21T04:25:32" hostname="aced4100fd91" time="0.452">
  <properties/>
  <testcase name="joinQueryTest" classname="org.ababup1192.EquipmentRoomMigrationTest" time="0.252"/>
  <testcase name="migrateTest" classname="org.ababup1192.EquipmentRoomMigrationTest" time="0.196"/>
  <system-out><![CDATA[2017-02-21 04:25:32.224  INFO 242 --- [    Test worker] .b.t.c.SpringBootTestContextBootstrapper : Neither @ContextConfiguration nor @ContextHierarchy found for test class [org.ababup1192.EquipmentRoomMigrationTest], using SpringBootContextLoader
2017-02-21 04:25:32.226  INFO 242 --- [    Test worker] o.s.t.c.support.AbstractContextLoader    : Could not detect default resource locations for test class [org.ababup1192.EquipmentRoomMigrationTest]: no resource found for suffixes {-context.xml, Context.groovy}.
2017-02-21 04:25:32.232  INFO 242 --- [    Test worker] t.c.s.AnnotationConfigContextLoaderUtils : Could not detect default configuration classes for test class [org.ababup1192.EquipmentRoomMigrationTest]: EquipmentRoomMigrationTest does not declare any static, non-private, non-final, nested classes annotated with @Configuration.
2017-02-21 04:25:32.240  INFO 242 --- [    Test worker] .b.t.c.SpringBootTestContextBootstrapper : Found @SpringBootConfiguration org.ababup1192.Application for test class org.ababup1192.EquipmentRoomMigrationTest
2017-02-21 04:25:32.248  INFO 242 --- [    Test worker] .b.t.c.SpringBootTestContextBootstrapper : Loaded default TestExecutionListener class names from location [META-INF/spring.factories]: [org.springframework.boot.test.mock.mockito.MockitoTestExecutionListener, org.springframework.boot.test.mock.mockito.ResetMocksTestExecutionListener, org.springframework.boot.test.autoconfigure.restdocs.RestDocsTestExecutionListener, org.springframework.boot.test.autoconfigure.web.client.MockRestServiceServerResetTestExecutionListener, org.springframework.boot.test.autoconfigure.web.servlet.MockMvcPrintOnlyOnFailureTestExecutionListener, org.springframework.boot.test.autoconfigure.web.servlet.WebDriverTestExecutionListener, org.springframework.test.context.web.ServletTestExecutionListener, org.springframework.test.context.support.DirtiesContextBeforeModesTestExecutionListener, org.springframework.test.context.support.DependencyInjectionTestExecutionListener, org.springframework.test.context.support.DirtiesContextTestExecutionListener, org.springframework.test.context.transaction.TransactionalTestExecutionListener, org.springframework.test.context.jdbc.SqlScriptsTestExecutionListener]
2017-02-21 04:25:32.251  INFO 242 --- [    Test worker] .b.t.c.SpringBootTestContextBootstrapper : Using TestExecutionListeners: [org.springframework.test.context.web.ServletTestExecutionListener@30378fbc, org.springframework.test.context.support.DirtiesContextBeforeModesTestExecutionListener@7eca0552, org.springframework.boot.test.autoconfigure.SpringBootDependencyInjectionTestExecutionListener@4361e194, org.springframework.test.context.support.DirtiesContextTestExecutionListener@53311c13, org.springframework.test.context.transaction.TransactionalTestExecutionListener@5ff723a6, org.springframework.test.context.jdbc.SqlScriptsTestExecutionListener@71395d9f, org.springframework.boot.test.autoconfigure.web.servlet.MockMvcPrintOnlyOnFailureTestExecutionListener@3d187f6d, org.springframework.boot.test.autoconfigure.restdocs.RestDocsTestExecutionListener@66922d59, org.springframework.boot.test.mock.mockito.MockitoTestExecutionListener@9ed83e, org.springframework.boot.test.autoconfigure.web.servlet.WebDriverTestExecutionListener@3bf0b817, org.springframework.boot.test.mock.mockito.ResetMocksTestExecutionListener@45ed4b13, org.springframework.boot.test.autoconfigure.web.client.MockRestServiceServerResetTestExecutionListener@32e24e12]
]]></system-out>
  <system-err><![CDATA[]]></system-err>
</testsuite>
