<?xml version="1.0" encoding="UTF-8"?>
<testsuite name="org.ababup1192.EquipmentRoomMigrationTest" tests="2" skipped="0" failures="0" errors="0" timestamp="2017-02-21T04:31:36" hostname="43860a869ea9" time="0.363">
  <properties/>
  <testcase name="joinQueryTest" classname="org.ababup1192.EquipmentRoomMigrationTest" time="0.227"/>
  <testcase name="migrateTest" classname="org.ababup1192.EquipmentRoomMigrationTest" time="0.134"/>
  <system-out><![CDATA[2017-02-21 04:31:36.788  INFO 243 --- [    Test worker] .b.t.c.SpringBootTestContextBootstrapper : Neither @ContextConfiguration nor @ContextHierarchy found for test class [org.ababup1192.EquipmentRoomMigrationTest], using SpringBootContextLoader
2017-02-21 04:31:36.790  INFO 243 --- [    Test worker] o.s.t.c.support.AbstractContextLoader    : Could not detect default resource locations for test class [org.ababup1192.EquipmentRoomMigrationTest]: no resource found for suffixes {-context.xml, Context.groovy}.
2017-02-21 04:31:36.791  INFO 243 --- [    Test worker] t.c.s.AnnotationConfigContextLoaderUtils : Could not detect default configuration classes for test class [org.ababup1192.EquipmentRoomMigrationTest]: EquipmentRoomMigrationTest does not declare any static, non-private, non-final, nested classes annotated with @Configuration.
2017-02-21 04:31:36.798  INFO 243 --- [    Test worker] .b.t.c.SpringBootTestContextBootstrapper : Found @SpringBootConfiguration org.ababup1192.Application for test class org.ababup1192.EquipmentRoomMigrationTest
2017-02-21 04:31:36.801  INFO 243 --- [    Test worker] .b.t.c.SpringBootTestContextBootstrapper : Loaded default TestExecutionListener class names from location [META-INF/spring.factories]: [org.springframework.boot.test.mock.mockito.MockitoTestExecutionListener, org.springframework.boot.test.mock.mockito.ResetMocksTestExecutionListener, org.springframework.boot.test.autoconfigure.restdocs.RestDocsTestExecutionListener, org.springframework.boot.test.autoconfigure.web.client.MockRestServiceServerResetTestExecutionListener, org.springframework.boot.test.autoconfigure.web.servlet.MockMvcPrintOnlyOnFailureTestExecutionListener, org.springframework.boot.test.autoconfigure.web.servlet.WebDriverTestExecutionListener, org.springframework.test.context.web.ServletTestExecutionListener, org.springframework.test.context.support.DirtiesContextBeforeModesTestExecutionListener, org.springframework.test.context.support.DependencyInjectionTestExecutionListener, org.springframework.test.context.support.DirtiesContextTestExecutionListener, org.springframework.test.context.transaction.TransactionalTestExecutionListener, org.springframework.test.context.jdbc.SqlScriptsTestExecutionListener]
2017-02-21 04:31:36.804  INFO 243 --- [    Test worker] .b.t.c.SpringBootTestContextBootstrapper : Using TestExecutionListeners: [org.springframework.test.context.web.ServletTestExecutionListener@6bed32de, org.springframework.test.context.support.DirtiesContextBeforeModesTestExecutionListener@67258d8e, org.springframework.boot.test.autoconfigure.SpringBootDependencyInjectionTestExecutionListener@43d291a9, org.springframework.test.context.support.DirtiesContextTestExecutionListener@5ecc8d82, org.springframework.test.context.transaction.TransactionalTestExecutionListener@5cb53f47, org.springframework.test.context.jdbc.SqlScriptsTestExecutionListener@17b780a2, org.springframework.boot.test.autoconfigure.web.servlet.WebDriverTestExecutionListener@403f0424, org.springframework.boot.test.mock.mockito.MockitoTestExecutionListener@7aa5213c, org.springframework.boot.test.autoconfigure.web.client.MockRestServiceServerResetTestExecutionListener@f1f7628, org.springframework.boot.test.mock.mockito.ResetMocksTestExecutionListener@240655f9, org.springframework.boot.test.autoconfigure.web.servlet.MockMvcPrintOnlyOnFailureTestExecutionListener@1c207b79, org.springframework.boot.test.autoconfigure.restdocs.RestDocsTestExecutionListener@4f5f0500]
]]></system-out>
  <system-err><![CDATA[]]></system-err>
</testsuite>
