<?xml version="1.0" encoding="UTF-8"?>
<testsuite name="org.ababup1192.SalesSlipMigrationTest" tests="1" skipped="0" failures="0" errors="0" timestamp="2017-02-24T07:29:07" hostname="6b4dce0b6241" time="0.202">
  <properties/>
  <testcase name="migrateTest" classname="org.ababup1192.SalesSlipMigrationTest" time="0.202"/>
  <system-out><![CDATA[2017-02-24 07:29:07.113  INFO 247 --- [    Test worker] .b.t.c.SpringBootTestContextBootstrapper : Neither @ContextConfiguration nor @ContextHierarchy found for test class [org.ababup1192.SalesSlipMigrationTest], using SpringBootContextLoader
2017-02-24 07:29:07.114  INFO 247 --- [    Test worker] o.s.t.c.support.AbstractContextLoader    : Could not detect default resource locations for test class [org.ababup1192.SalesSlipMigrationTest]: no resource found for suffixes {-context.xml, Context.groovy}.
2017-02-24 07:29:07.114  INFO 247 --- [    Test worker] t.c.s.AnnotationConfigContextLoaderUtils : Could not detect default configuration classes for test class [org.ababup1192.SalesSlipMigrationTest]: SalesSlipMigrationTest does not declare any static, non-private, non-final, nested classes annotated with @Configuration.
2017-02-24 07:29:07.125  INFO 247 --- [    Test worker] .b.t.c.SpringBootTestContextBootstrapper : Found @SpringBootConfiguration org.ababup1192.Application for test class org.ababup1192.SalesSlipMigrationTest
2017-02-24 07:29:07.127  INFO 247 --- [    Test worker] .b.t.c.SpringBootTestContextBootstrapper : Loaded default TestExecutionListener class names from location [META-INF/spring.factories]: [org.springframework.boot.test.mock.mockito.MockitoTestExecutionListener, org.springframework.boot.test.mock.mockito.ResetMocksTestExecutionListener, org.springframework.boot.test.autoconfigure.restdocs.RestDocsTestExecutionListener, org.springframework.boot.test.autoconfigure.web.client.MockRestServiceServerResetTestExecutionListener, org.springframework.boot.test.autoconfigure.web.servlet.MockMvcPrintOnlyOnFailureTestExecutionListener, org.springframework.boot.test.autoconfigure.web.servlet.WebDriverTestExecutionListener, org.springframework.test.context.web.ServletTestExecutionListener, org.springframework.test.context.support.DirtiesContextBeforeModesTestExecutionListener, org.springframework.test.context.support.DependencyInjectionTestExecutionListener, org.springframework.test.context.support.DirtiesContextTestExecutionListener, org.springframework.test.context.transaction.TransactionalTestExecutionListener, org.springframework.test.context.jdbc.SqlScriptsTestExecutionListener]
2017-02-24 07:29:07.128  INFO 247 --- [    Test worker] .b.t.c.SpringBootTestContextBootstrapper : Using TestExecutionListeners: [org.springframework.test.context.web.ServletTestExecutionListener@27ab4f3a, org.springframework.test.context.support.DirtiesContextBeforeModesTestExecutionListener@50b464, org.springframework.boot.test.autoconfigure.SpringBootDependencyInjectionTestExecutionListener@319bc196, org.springframework.test.context.support.DirtiesContextTestExecutionListener@3ab4763e, org.springframework.test.context.transaction.TransactionalTestExecutionListener@471b3ccd, org.springframework.test.context.jdbc.SqlScriptsTestExecutionListener@426d53de, org.springframework.boot.test.mock.mockito.MockitoTestExecutionListener@2d15ad74, org.springframework.boot.test.autoconfigure.web.servlet.WebDriverTestExecutionListener@34892b6e, org.springframework.boot.test.autoconfigure.restdocs.RestDocsTestExecutionListener@2aea9466, org.springframework.boot.test.autoconfigure.web.client.MockRestServiceServerResetTestExecutionListener@2b1c146, org.springframework.boot.test.autoconfigure.web.servlet.MockMvcPrintOnlyOnFailureTestExecutionListener@24fa269, org.springframework.boot.test.mock.mockito.ResetMocksTestExecutionListener@7f602b15]
]]></system-out>
  <system-err><![CDATA[]]></system-err>
</testsuite>
