<?xml version="1.0" encoding="UTF-8"?>
<testsuite name="org.ababup1192.SalesSlipMigrationTest" tests="1" skipped="0" failures="0" errors="0" timestamp="2017-02-21T04:25:36" hostname="aced4100fd91" time="0.352">
  <properties/>
  <testcase name="migrateTest" classname="org.ababup1192.SalesSlipMigrationTest" time="0.352"/>
  <system-out><![CDATA[2017-02-21 04:25:36.695  INFO 242 --- [    Test worker] .b.t.c.SpringBootTestContextBootstrapper : Neither @ContextConfiguration nor @ContextHierarchy found for test class [org.ababup1192.SalesSlipMigrationTest], using SpringBootContextLoader
2017-02-21 04:25:36.697  INFO 242 --- [    Test worker] o.s.t.c.support.AbstractContextLoader    : Could not detect default resource locations for test class [org.ababup1192.SalesSlipMigrationTest]: no resource found for suffixes {-context.xml, Context.groovy}.
2017-02-21 04:25:36.697  INFO 242 --- [    Test worker] t.c.s.AnnotationConfigContextLoaderUtils : Could not detect default configuration classes for test class [org.ababup1192.SalesSlipMigrationTest]: SalesSlipMigrationTest does not declare any static, non-private, non-final, nested classes annotated with @Configuration.
2017-02-21 04:25:36.701  INFO 242 --- [    Test worker] .b.t.c.SpringBootTestContextBootstrapper : Found @SpringBootConfiguration org.ababup1192.Application for test class org.ababup1192.SalesSlipMigrationTest
2017-02-21 04:25:36.705  INFO 242 --- [    Test worker] .b.t.c.SpringBootTestContextBootstrapper : Loaded default TestExecutionListener class names from location [META-INF/spring.factories]: [org.springframework.boot.test.mock.mockito.MockitoTestExecutionListener, org.springframework.boot.test.mock.mockito.ResetMocksTestExecutionListener, org.springframework.boot.test.autoconfigure.restdocs.RestDocsTestExecutionListener, org.springframework.boot.test.autoconfigure.web.client.MockRestServiceServerResetTestExecutionListener, org.springframework.boot.test.autoconfigure.web.servlet.MockMvcPrintOnlyOnFailureTestExecutionListener, org.springframework.boot.test.autoconfigure.web.servlet.WebDriverTestExecutionListener, org.springframework.test.context.web.ServletTestExecutionListener, org.springframework.test.context.support.DirtiesContextBeforeModesTestExecutionListener, org.springframework.test.context.support.DependencyInjectionTestExecutionListener, org.springframework.test.context.support.DirtiesContextTestExecutionListener, org.springframework.test.context.transaction.TransactionalTestExecutionListener, org.springframework.test.context.jdbc.SqlScriptsTestExecutionListener]
2017-02-21 04:25:36.707  INFO 242 --- [    Test worker] .b.t.c.SpringBootTestContextBootstrapper : Using TestExecutionListeners: [org.springframework.test.context.web.ServletTestExecutionListener@8b56804, org.springframework.test.context.support.DirtiesContextBeforeModesTestExecutionListener@12c8422e, org.springframework.boot.test.autoconfigure.SpringBootDependencyInjectionTestExecutionListener@4f89eb22, org.springframework.test.context.support.DirtiesContextTestExecutionListener@487b8bfd, org.springframework.test.context.transaction.TransactionalTestExecutionListener@6b2d3fbe, org.springframework.test.context.jdbc.SqlScriptsTestExecutionListener@3b24c9c7, org.springframework.boot.test.autoconfigure.web.servlet.MockMvcPrintOnlyOnFailureTestExecutionListener@3b74e57a, org.springframework.boot.test.autoconfigure.restdocs.RestDocsTestExecutionListener@2fc4b58a, org.springframework.boot.test.mock.mockito.MockitoTestExecutionListener@2d96af03, org.springframework.boot.test.autoconfigure.web.servlet.WebDriverTestExecutionListener@30e12187, org.springframework.boot.test.mock.mockito.ResetMocksTestExecutionListener@2ca25dd4, org.springframework.boot.test.autoconfigure.web.client.MockRestServiceServerResetTestExecutionListener@26c0c52f]
]]></system-out>
  <system-err><![CDATA[]]></system-err>
</testsuite>
