<?xml version="1.0" encoding="UTF-8"?>
<testsuite name="org.ababup1192.SalesSlipMigrationTest" tests="1" skipped="0" failures="0" errors="0" timestamp="2017-02-21T04:36:38" hostname="18f9b36bf2b6" time="0.307">
  <properties/>
  <testcase name="migrateTest" classname="org.ababup1192.SalesSlipMigrationTest" time="0.307"/>
  <system-out><![CDATA[2017-02-21 04:36:38.498  INFO 248 --- [    Test worker] .b.t.c.SpringBootTestContextBootstrapper : Neither @ContextConfiguration nor @ContextHierarchy found for test class [org.ababup1192.SalesSlipMigrationTest], using SpringBootContextLoader
2017-02-21 04:36:38.498  INFO 248 --- [    Test worker] o.s.t.c.support.AbstractContextLoader    : Could not detect default resource locations for test class [org.ababup1192.SalesSlipMigrationTest]: no resource found for suffixes {-context.xml, Context.groovy}.
2017-02-21 04:36:38.499  INFO 248 --- [    Test worker] t.c.s.AnnotationConfigContextLoaderUtils : Could not detect default configuration classes for test class [org.ababup1192.SalesSlipMigrationTest]: SalesSlipMigrationTest does not declare any static, non-private, non-final, nested classes annotated with @Configuration.
2017-02-21 04:36:38.505  INFO 248 --- [    Test worker] .b.t.c.SpringBootTestContextBootstrapper : Found @SpringBootConfiguration org.ababup1192.Application for test class org.ababup1192.SalesSlipMigrationTest
2017-02-21 04:36:38.507  INFO 248 --- [    Test worker] .b.t.c.SpringBootTestContextBootstrapper : Loaded default TestExecutionListener class names from location [META-INF/spring.factories]: [org.springframework.boot.test.mock.mockito.MockitoTestExecutionListener, org.springframework.boot.test.mock.mockito.ResetMocksTestExecutionListener, org.springframework.boot.test.autoconfigure.restdocs.RestDocsTestExecutionListener, org.springframework.boot.test.autoconfigure.web.client.MockRestServiceServerResetTestExecutionListener, org.springframework.boot.test.autoconfigure.web.servlet.MockMvcPrintOnlyOnFailureTestExecutionListener, org.springframework.boot.test.autoconfigure.web.servlet.WebDriverTestExecutionListener, org.springframework.test.context.web.ServletTestExecutionListener, org.springframework.test.context.support.DirtiesContextBeforeModesTestExecutionListener, org.springframework.test.context.support.DependencyInjectionTestExecutionListener, org.springframework.test.context.support.DirtiesContextTestExecutionListener, org.springframework.test.context.transaction.TransactionalTestExecutionListener, org.springframework.test.context.jdbc.SqlScriptsTestExecutionListener]
2017-02-21 04:36:38.509  INFO 248 --- [    Test worker] .b.t.c.SpringBootTestContextBootstrapper : Using TestExecutionListeners: [org.springframework.test.context.web.ServletTestExecutionListener@62756164, org.springframework.test.context.support.DirtiesContextBeforeModesTestExecutionListener@6fdf7775, org.springframework.boot.test.autoconfigure.SpringBootDependencyInjectionTestExecutionListener@53814b20, org.springframework.test.context.support.DirtiesContextTestExecutionListener@39c1682d, org.springframework.test.context.transaction.TransactionalTestExecutionListener@70764030, org.springframework.test.context.jdbc.SqlScriptsTestExecutionListener@6486f594, org.springframework.boot.test.mock.mockito.MockitoTestExecutionListener@3d077a6f, org.springframework.boot.test.autoconfigure.web.servlet.MockMvcPrintOnlyOnFailureTestExecutionListener@f35ede2, org.springframework.boot.test.autoconfigure.restdocs.RestDocsTestExecutionListener@4d805bf4, org.springframework.boot.test.autoconfigure.web.client.MockRestServiceServerResetTestExecutionListener@1e793d85, org.springframework.boot.test.mock.mockito.ResetMocksTestExecutionListener@182be827, org.springframework.boot.test.autoconfigure.web.servlet.WebDriverTestExecutionListener@38d15c3d]
]]></system-out>
  <system-err><![CDATA[]]></system-err>
</testsuite>
