<?xml version="1.0" encoding="UTF-8"?>
<testsuite name="org.ababup1192.EquipmentRoomMigrationTest" tests="2" skipped="0" failures="0" errors="0" timestamp="2017-02-21T05:10:40" hostname="7928575b94f6" time="0.456">
  <properties/>
  <testcase name="joinQueryTest" classname="org.ababup1192.EquipmentRoomMigrationTest" time="0.301"/>
  <testcase name="migrateTest" classname="org.ababup1192.EquipmentRoomMigrationTest" time="0.153"/>
  <system-out><![CDATA[2017-02-21 05:10:40.228  INFO 242 --- [    Test worker] .b.t.c.SpringBootTestContextBootstrapper : Neither @ContextConfiguration nor @ContextHierarchy found for test class [org.ababup1192.EquipmentRoomMigrationTest], using SpringBootContextLoader
2017-02-21 05:10:40.241  INFO 242 --- [    Test worker] o.s.t.c.support.AbstractContextLoader    : Could not detect default resource locations for test class [org.ababup1192.EquipmentRoomMigrationTest]: no resource found for suffixes {-context.xml, Context.groovy}.
2017-02-21 05:10:40.242  INFO 242 --- [    Test worker] t.c.s.AnnotationConfigContextLoaderUtils : Could not detect default configuration classes for test class [org.ababup1192.EquipmentRoomMigrationTest]: EquipmentRoomMigrationTest does not declare any static, non-private, non-final, nested classes annotated with @Configuration.
2017-02-21 05:10:40.249  INFO 242 --- [    Test worker] .b.t.c.SpringBootTestContextBootstrapper : Found @SpringBootConfiguration org.ababup1192.Application for test class org.ababup1192.EquipmentRoomMigrationTest
2017-02-21 05:10:40.261  INFO 242 --- [    Test worker] .b.t.c.SpringBootTestContextBootstrapper : Loaded default TestExecutionListener class names from location [META-INF/spring.factories]: [org.springframework.boot.test.mock.mockito.MockitoTestExecutionListener, org.springframework.boot.test.mock.mockito.ResetMocksTestExecutionListener, org.springframework.boot.test.autoconfigure.restdocs.RestDocsTestExecutionListener, org.springframework.boot.test.autoconfigure.web.client.MockRestServiceServerResetTestExecutionListener, org.springframework.boot.test.autoconfigure.web.servlet.MockMvcPrintOnlyOnFailureTestExecutionListener, org.springframework.boot.test.autoconfigure.web.servlet.WebDriverTestExecutionListener, org.springframework.test.context.web.ServletTestExecutionListener, org.springframework.test.context.support.DirtiesContextBeforeModesTestExecutionListener, org.springframework.test.context.support.DependencyInjectionTestExecutionListener, org.springframework.test.context.support.DirtiesContextTestExecutionListener, org.springframework.test.context.transaction.TransactionalTestExecutionListener, org.springframework.test.context.jdbc.SqlScriptsTestExecutionListener]
2017-02-21 05:10:40.266  INFO 242 --- [    Test worker] .b.t.c.SpringBootTestContextBootstrapper : Using TestExecutionListeners: [org.springframework.test.context.web.ServletTestExecutionListener@19f52b78, org.springframework.test.context.support.DirtiesContextBeforeModesTestExecutionListener@3f80e500, org.springframework.boot.test.autoconfigure.SpringBootDependencyInjectionTestExecutionListener@22416b6c, org.springframework.test.context.support.DirtiesContextTestExecutionListener@25ddd22f, org.springframework.test.context.transaction.TransactionalTestExecutionListener@15c38307, org.springframework.test.context.jdbc.SqlScriptsTestExecutionListener@2dd3cc5a, org.springframework.boot.test.autoconfigure.web.client.MockRestServiceServerResetTestExecutionListener@4e0c887, org.springframework.boot.test.mock.mockito.MockitoTestExecutionListener@4fe73e9e, org.springframework.boot.test.autoconfigure.restdocs.RestDocsTestExecutionListener@463547de, org.springframework.boot.test.mock.mockito.ResetMocksTestExecutionListener@75b7f25e, org.springframework.boot.test.autoconfigure.web.servlet.WebDriverTestExecutionListener@7791b89f, org.springframework.boot.test.autoconfigure.web.servlet.MockMvcPrintOnlyOnFailureTestExecutionListener@1746b3d]
]]></system-out>
  <system-err><![CDATA[]]></system-err>
</testsuite>
